2020-09-15 11:24:00,059 - INFO - running program
2020-09-15 11:24:00,059 - INFO - search and collect new images...
2020-09-15 11:24:04,814 - INFO - search and collect new images successful
2020-09-15 11:24:04,814 - INFO - downloaded and stored images in F:\DEV\s1_ricemap\rice_calc\../download_dir with user name looh217
2020-09-15 11:24:04,814 - INFO - processing image...
2020-09-15 11:24:04,819 - INFO - processing image successful
2020-09-15 11:24:04,820 - INFO - calculating rice dos...
2020-09-15 11:25:42,219 - INFO - calculating rice dos successful
2020-09-15 11:25:42,219 - INFO - result for: 20200910, start at: 20200624 and file name: 20200910_ricemap_dos.tif
2020-09-15 11:25:42,220 - INFO - ..::Done::..
2020-09-15 11:32:00,114 - INFO - running program
2020-09-15 11:32:00,114 - INFO - search and collect new images...
2020-09-15 11:32:02,902 - INFO - search and collect new images successful
2020-09-15 11:32:02,903 - INFO - downloaded and stored images in F:\DEV\s1_ricemap\rice_calc\../download_dir with user name looh217
2020-09-15 11:32:02,903 - INFO - processing image...
2020-09-15 11:32:02,906 - INFO - processing image successful
2020-09-15 11:32:02,906 - INFO - calculating rice dos...
2020-09-15 11:32:15,314 - INFO - No new Image, see you nexttime...
2020-09-15 11:32:15,315 - INFO - ..::Done::..
2020-09-15 11:34:00,201 - INFO - running program
2020-09-15 11:34:00,201 - INFO - search and collect new images...
2020-09-15 11:34:04,100 - INFO - search and collect new images successful
2020-09-15 11:34:04,100 - INFO - downloaded and stored images in F:\DEV\s1_ricemap\rice_calc\../download_dir with user name looh217
2020-09-15 11:34:04,100 - INFO - processing image...
2020-09-15 11:34:04,105 - INFO - processing image successful
2020-09-15 11:34:04,105 - INFO - calculating rice dos...
2020-09-15 11:34:16,158 - INFO - No new Image, see you nexttime...
2020-09-15 11:34:16,158 - INFO - ..::Done::..
2020-09-15 11:36:00,693 - INFO - running program
2020-09-15 11:36:00,693 - INFO - search and collect new images...
2020-09-15 11:36:04,795 - INFO - search and collect new images successful
2020-09-15 11:36:04,795 - INFO - downloaded and stored images in F:\DEV\s1_ricemap\rice_calc\../download_dir with user name looh217
2020-09-15 11:36:04,795 - INFO - processing image...
2020-09-15 11:36:04,801 - INFO - processing image successful
2020-09-15 11:36:04,801 - INFO - calculating rice dos...
2020-09-15 11:36:16,863 - INFO - No new Image, see you nexttime...
2020-09-15 11:36:16,863 - INFO - ..::Done::..
2020-09-15 11:38:00,409 - INFO - running program
2020-09-15 11:38:00,409 - INFO - search and collect new images...
2020-09-15 11:38:04,219 - INFO - search and collect new images successful
2020-09-15 11:38:04,220 - INFO - downloaded and stored images in F:\DEV\s1_ricemap\rice_calc\../download_dir with user name looh217
2020-09-15 11:38:04,220 - INFO - processing image...
2020-09-15 11:38:04,225 - INFO - processing image successful
2020-09-15 11:38:04,225 - INFO - calculating rice dos...
2020-09-15 11:39:36,724 - INFO - calculating rice dos successful
2020-09-15 11:39:36,724 - INFO - result for: 20200910, start at: 20200624 and file name: 20200910_ricemap_dos.tif
2020-09-15 11:39:36,724 - INFO - ..::Done::..
2020-09-15 11:42:00,653 - INFO - running program
2020-09-15 11:42:00,653 - INFO - search and collect new images...
2020-09-15 11:42:04,221 - INFO - search and collect new images successful
2020-09-15 11:42:04,222 - INFO - downloaded and stored images in F:\DEV\s1_ricemap\rice_calc\../download_dir with user name looh217
2020-09-15 11:42:04,222 - INFO - processing image...
2020-09-15 11:42:04,228 - INFO - processing image successful
2020-09-15 11:42:04,228 - INFO - calculating rice dos...
2020-09-15 11:43:36,746 - INFO - calculating rice dos successful
2020-09-15 11:43:36,747 - INFO - result for: 20200910, start at: 20200624 and file name: 20200910_ricemap_dos.tif
2020-09-15 11:43:36,747 - INFO - ..::Done::..
